生成启动时间为 2017/1/22 星期日 下午 3:02:49。
     1>项目“C:\protobuf-2.5.0\protobuf-2.5.0\vsprojects\libprotoc.vcxproj”在节点 2 上(Build 个目标)。
     1>C:\Program Files (x86)\MSBuild\Microsoft.Cpp\v4.0\V120\Microsoft.CppBuild.targets(381,5): warning MSB8028: The intermediate directory (Release\) contains files shared from another project (libprotobuf.vcxproj).  This can lead to incorrect clean and rebuild behavior.
     1>ClCompile:
         C:\Program Files (x86)\Microsoft Visual Studio 12.0\VC\bin\CL.exe /c /I../src /I. /Zi /nologo /W3 /WX- /O2 /Oy- /D WIN32 /D NDEBUG /D _WINDOWS /D _USRDLL /D LIBPROTOC_EXPORTS /Gm- /EHsc /MD /GS /fp:precise /Zc:wchar_t /Zc:forScope /Fo"Release\\" /Fd"Release\vc120.pdb" /Gd /TP /analyze- /errorReport:prompt /wd4244 /wd4267 /wd4018 /wd4355 /wd4800 /wd4251 /wd4996 /wd4146 /wd4305 ..\src\google\protobuf\compiler\java\java_doc_comment.cc ..\src\google\protobuf\compiler\code_generator.cc ..\src\google\protobuf\compiler\command_line_interface.cc ..\src\google\protobuf\compiler\subprocess.cc ..\src\google\protobuf\compiler\zip_writer.cc ..\src\google\protobuf\compiler\plugin.cc ..\src\google\protobuf\compiler\plugin.pb.cc ..\src\google\protobuf\compiler\cpp\cpp_enum.cc ..\src\google\protobuf\compiler\cpp\cpp_enum_field.cc ..\src\google\protobuf\compiler\cpp\cpp_extension.cc ..\src\google\protobuf\compiler\cpp\cpp_field.cc ..\src\google\protobuf\compiler\cpp\cpp_file.cc ..\src\google\protobuf\compiler\cpp\cpp_generator.cc ..\src\google\protobuf\compiler\cpp\cpp_helpers.cc ..\src\google\protobuf\compiler\cpp\cpp_message.cc ..\src\google\protobuf\compiler\cpp\cpp_message_field.cc ..\src\google\protobuf\compiler\cpp\cpp_primitive_field.cc ..\src\google\protobuf\compiler\cpp\cpp_service.cc ..\src\google\protobuf\compiler\cpp\cpp_string_field.cc ..\src\google\protobuf\compiler\java\java_enum.cc ..\src\google\protobuf\compiler\java\java_enum_field.cc ..\src\google\protobuf\compiler\java\java_extension.cc ..\src\google\protobuf\compiler\java\java_field.cc ..\src\google\protobuf\compiler\java\java_file.cc ..\src\google\protobuf\compiler\java\java_generator.cc ..\src\google\protobuf\compiler\java\java_helpers.cc ..\src\google\protobuf\compiler\java\java_message.cc ..\src\google\protobuf\compiler\java\java_message_field.cc ..\src\google\protobuf\compiler\java\java_primitive_field.cc ..\src\google\protobuf\compiler\java\java_service.cc ..\src\google\protobuf\compiler\java\java_string_field.cc ..\src\google\protobuf\compiler\python\python_generator.cc
         java_doc_comment.cc
         code_generator.cc
         command_line_interface.cc
         subprocess.cc
         zip_writer.cc
         plugin.cc
         plugin.pb.cc
         cpp_enum.cc
         cpp_enum_field.cc
         cpp_extension.cc
         cpp_field.cc
         cpp_file.cc
         cpp_generator.cc
         cpp_helpers.cc
         cpp_message.cc
         cpp_message_field.cc
         cpp_primitive_field.cc
         cpp_service.cc
         cpp_string_field.cc
         java_enum.cc
         正在生成代码...
         正在编译...
         java_enum_field.cc
         java_extension.cc
         java_field.cc
         java_file.cc
         java_generator.cc
         java_helpers.cc
         java_message.cc
         java_message_field.cc
         java_primitive_field.cc
         java_service.cc
         java_string_field.cc
         python_generator.cc
         正在生成代码...
       Lib:
         C:\Program Files (x86)\Microsoft Visual Studio 12.0\VC\bin\Lib.exe /OUT:"Release\libprotoc.lib" /NOLOGO Release\java_doc_comment.obj
         Release\code_generator.obj
         Release\command_line_interface.obj
         Release\subprocess.obj
         Release\zip_writer.obj
         Release\plugin.obj
         Release\plugin.pb.obj
         Release\cpp_enum.obj
         Release\cpp_enum_field.obj
         Release\cpp_extension.obj
         Release\cpp_field.obj
         Release\cpp_file.obj
         Release\cpp_generator.obj
         Release\cpp_helpers.obj
         Release\cpp_message.obj
         Release\cpp_message_field.obj
         Release\cpp_primitive_field.obj
         Release\cpp_service.obj
         Release\cpp_string_field.obj
         Release\java_enum.obj
         Release\java_enum_field.obj
         Release\java_extension.obj
         Release\java_field.obj
         Release\java_file.obj
         Release\java_generator.obj
         Release\java_helpers.obj
         Release\java_message.obj
         Release\java_message_field.obj
         Release\java_primitive_field.obj
         Release\java_service.obj
         Release\java_string_field.obj
         Release\python_generator.obj
         libprotoc.vcxproj -> C:\protobuf-2.5.0\protobuf-2.5.0\vsprojects\Release\libprotoc.lib
     1>已完成生成项目“C:\protobuf-2.5.0\protobuf-2.5.0\vsprojects\libprotoc.vcxproj”(Build 个目标)的操作。

生成成功。

已用时间 00:00:19.60
